<?xml version="1.0" encoding="UTF-8"?>
<!-- Generated by org.testng.reporters.JUnitXMLReporter -->
<testsuite ignored="0" hostname="LAPTOP-JGHMQD5S" failures="0" tests="11" name="Test" time="50.157" errors="0" timestamp="2022-10-31T10:53:05 IST">
  <testcase classname="test.LoginTest" name="verifyLoginText" time="1.061"/>
  <testcase classname="test.LoginTest" name="verifyForgetpasswordText" time="0.043"/>
  <testcase classname="test.LoginTest" name="verifyOrangeHRMText" time="0.049"/>
  <testcase classname="test.LoginTest" name="verifylogin" time="0.366"/>
  <testcase classname="test.LeaveTest" name="verifyLeaveButton" time="5.111"/>
  <testcase classname="test.LeaveTest" name="verifyClickOnDateButton" time="0.705"/>
  <testcase classname="test.LeaveTest" name="verifClickOnRejectButton" time="0.137"/>
  <testcase classname="test.LeaveTest" name="verifyClickOnCancelButton" time="0.066"/>
  <testcase classname="test.PimTest" name="VerifyPIMButton" time="5.277"/>
  <testcase classname="test.PimTest" name="VerifyWelcomeName" time="0.124"/>
  <testcase classname="test.PimTest" name="SelectCheckBox" time="1.8"/>
</testsuite> <!-- Test -->
