<?xml version="1.0" encoding="UTF-8"?>
<testng-results ignored="0" total="11" passed="11" failed="0" skipped="0">
  <reporter-output>
  </reporter-output>
  <suite started-at="2022-10-31T10:52:15 IST" name="Suite" finished-at="2022-10-31T10:53:05 IST" duration-ms="50157">
    <groups>
    </groups>
    <test started-at="2022-10-31T10:52:15 IST" name="Test" finished-at="2022-10-31T10:53:05 IST" duration-ms="50157">
      <class name="test.LeaveTest">
        <test-method is-config="true" signature="browserlaunach()[pri:0, instance:test.LeaveTest@67a20f67]" started-at="2022-10-31T10:52:32 IST" name="browserlaunach" finished-at="2022-10-31T10:52:42 IST" duration-ms="10334" status="PASS">
          <reporter-output>
          </reporter-output>
        </test-method> <!-- browserlaunach -->
        <test-method is-config="true" signature="pageobject()[pri:0, instance:test.LeaveTest@67a20f67]" started-at="2022-10-31T10:52:42 IST" name="pageobject" finished-at="2022-10-31T10:52:42 IST" duration-ms="2" status="PASS">
          <reporter-output>
          </reporter-output>
        </test-method> <!-- pageobject -->
        <test-method is-config="true" signature="verifylogin()[pri:0, instance:test.LeaveTest@67a20f67]" started-at="2022-10-31T10:52:42 IST" name="verifylogin" finished-at="2022-10-31T10:52:43 IST" duration-ms="981" status="PASS">
          <reporter-output>
          </reporter-output>
        </test-method> <!-- verifylogin -->
        <test-method signature="verifyLeaveButton()[pri:0, instance:test.LeaveTest@67a20f67]" started-at="2022-10-31T10:52:43 IST" name="verifyLeaveButton" finished-at="2022-10-31T10:52:48 IST" duration-ms="5111" status="PASS">
          <reporter-output>
          </reporter-output>
        </test-method> <!-- verifyLeaveButton -->
        <test-method signature="verifyClickOnDateButton()[pri:1, instance:test.LeaveTest@67a20f67]" started-at="2022-10-31T10:52:48 IST" name="verifyClickOnDateButton" finished-at="2022-10-31T10:52:49 IST" duration-ms="705" status="PASS">
          <reporter-output>
          </reporter-output>
        </test-method> <!-- verifyClickOnDateButton -->
        <test-method signature="verifClickOnRejectButton()[pri:2, instance:test.LeaveTest@67a20f67]" started-at="2022-10-31T10:52:49 IST" name="verifClickOnRejectButton" finished-at="2022-10-31T10:52:49 IST" duration-ms="137" status="PASS">
          <reporter-output>
          </reporter-output>
        </test-method> <!-- verifClickOnRejectButton -->
        <test-method signature="verifyClickOnCancelButton()[pri:3, instance:test.LeaveTest@67a20f67]" started-at="2022-10-31T10:52:49 IST" name="verifyClickOnCancelButton" finished-at="2022-10-31T10:52:49 IST" duration-ms="66" status="PASS">
          <reporter-output>
          </reporter-output>
        </test-method> <!-- verifyClickOnCancelButton -->
        <test-method is-config="true" signature="tearDownEnvirnment()[pri:0, instance:test.LeaveTest@67a20f67]" started-at="2022-10-31T10:52:49 IST" name="tearDownEnvirnment" finished-at="2022-10-31T10:52:49 IST" duration-ms="288" status="PASS">
          <reporter-output>
          </reporter-output>
        </test-method> <!-- tearDownEnvirnment -->
      </class> <!-- test.LeaveTest -->
      <class name="test.LoginTest">
        <test-method is-config="true" signature="browserlaunach()[pri:0, instance:test.LoginTest@2667f029]" started-at="2022-10-31T10:52:15 IST" name="browserlaunach" finished-at="2022-10-31T10:52:30 IST" duration-ms="15000" status="PASS">
          <reporter-output>
          </reporter-output>
        </test-method> <!-- browserlaunach -->
        <test-method is-config="true" signature="pageobject()[pri:0, instance:test.LoginTest@2667f029]" started-at="2022-10-31T10:52:30 IST" name="pageobject" finished-at="2022-10-31T10:52:30 IST" duration-ms="86" status="PASS">
          <reporter-output>
          </reporter-output>
        </test-method> <!-- pageobject -->
        <test-method signature="verifyLoginText()[pri:1, instance:test.LoginTest@2667f029]" started-at="2022-10-31T10:52:30 IST" name="verifyLoginText" finished-at="2022-10-31T10:52:31 IST" duration-ms="1061" status="PASS">
          <reporter-output>
          </reporter-output>
        </test-method> <!-- verifyLoginText -->
        <test-method signature="verifyForgetpasswordText()[pri:2, instance:test.LoginTest@2667f029]" started-at="2022-10-31T10:52:31 IST" name="verifyForgetpasswordText" finished-at="2022-10-31T10:52:31 IST" duration-ms="43" status="PASS">
          <reporter-output>
          </reporter-output>
        </test-method> <!-- verifyForgetpasswordText -->
        <test-method signature="verifyOrangeHRMText()[pri:3, instance:test.LoginTest@2667f029]" started-at="2022-10-31T10:52:31 IST" name="verifyOrangeHRMText" finished-at="2022-10-31T10:52:31 IST" duration-ms="49" status="PASS">
          <reporter-output>
          </reporter-output>
        </test-method> <!-- verifyOrangeHRMText -->
        <test-method signature="verifylogin()[pri:4, instance:test.LoginTest@2667f029]" started-at="2022-10-31T10:52:31 IST" name="verifylogin" finished-at="2022-10-31T10:52:31 IST" duration-ms="366" status="PASS">
          <reporter-output>
          </reporter-output>
        </test-method> <!-- verifylogin -->
        <test-method is-config="true" signature="tearDownEnvirnment()[pri:0, instance:test.LoginTest@2667f029]" started-at="2022-10-31T10:52:31 IST" name="tearDownEnvirnment" finished-at="2022-10-31T10:52:32 IST" duration-ms="404" status="PASS">
          <reporter-output>
          </reporter-output>
        </test-method> <!-- tearDownEnvirnment -->
      </class> <!-- test.LoginTest -->
      <class name="test.PimTest">
        <test-method is-config="true" signature="browserlaunach()[pri:0, instance:test.PimTest@57c758ac]" started-at="2022-10-31T10:52:49 IST" name="browserlaunach" finished-at="2022-10-31T10:52:57 IST" duration-ms="7294" status="PASS">
          <reporter-output>
          </reporter-output>
        </test-method> <!-- browserlaunach -->
        <test-method is-config="true" signature="pageobject()[pri:0, instance:test.PimTest@57c758ac]" started-at="2022-10-31T10:52:57 IST" name="pageobject" finished-at="2022-10-31T10:52:57 IST" duration-ms="2" status="PASS">
          <reporter-output>
          </reporter-output>
        </test-method> <!-- pageobject -->
        <test-method is-config="true" signature="verifylogin()[pri:0, instance:test.PimTest@57c758ac]" started-at="2022-10-31T10:52:57 IST" name="verifylogin" finished-at="2022-10-31T10:52:57 IST" duration-ms="675" status="PASS">
          <reporter-output>
          </reporter-output>
        </test-method> <!-- verifylogin -->
        <test-method signature="VerifyPIMButton()[pri:1, instance:test.PimTest@57c758ac]" started-at="2022-10-31T10:52:57 IST" name="VerifyPIMButton" finished-at="2022-10-31T10:53:03 IST" duration-ms="5277" status="PASS">
          <reporter-output>
          </reporter-output>
        </test-method> <!-- VerifyPIMButton -->
        <test-method signature="VerifyWelcomeName()[pri:2, instance:test.PimTest@57c758ac]" started-at="2022-10-31T10:53:03 IST" name="VerifyWelcomeName" finished-at="2022-10-31T10:53:03 IST" duration-ms="124" status="PASS">
          <reporter-output>
          </reporter-output>
        </test-method> <!-- VerifyWelcomeName -->
        <test-method signature="SelectCheckBox()[pri:3, instance:test.PimTest@57c758ac]" started-at="2022-10-31T10:53:03 IST" name="SelectCheckBox" finished-at="2022-10-31T10:53:04 IST" duration-ms="1800" status="PASS">
          <reporter-output>
          </reporter-output>
        </test-method> <!-- SelectCheckBox -->
        <test-method is-config="true" signature="tearDownEnvirnment()[pri:0, instance:test.PimTest@57c758ac]" started-at="2022-10-31T10:53:04 IST" name="tearDownEnvirnment" finished-at="2022-10-31T10:53:05 IST" duration-ms="260" status="PASS">
          <reporter-output>
          </reporter-output>
        </test-method> <!-- tearDownEnvirnment -->
      </class> <!-- test.PimTest -->
    </test> <!-- Test -->
  </suite> <!-- Suite -->
</testng-results>
